// 同步 ID: b403369f @ Tue Jun  2 13:12:27 UTC 2026
// 同步 ID: deaf28be @ Fri Jun  5 09:24:23 UTC 2026
// 同步 ID: 67f7f755 @ Fri Jun  5 22:13:50 UTC 2026
// 重构日志: 2b388158
// 重构日志: 20be8d28
// 重构日志: a2c52db4
// 重构日志: 56f0e10b
// 重构日志: 36150c81
// 同步 ID: 8f8917bb @ Sat Jun 13 15:27:14 UTC 2026
// 重构日志: 388c7e12
// 重构日志: bda72bd2
// 重构日志: 015f9882
// 重构日志: b469724b
// 重构日志: 93e54ccf
// 重构日志: c789086d
// 重构日志: fe98aee8
// 重构日志: 30b85948
// 重构日志: 1c9232a9
// 同步 ID: 7def3230 @ Sat Jun 20 17:56:23 UTC 2026
// 重构日志: a5d0204d
// 同步 ID: c61567a6 @ Sun Jun 21 11:00:38 UTC 2026
// 重构日志: 8f186c8f
// 重构日志: 079cd505
// 重构日志: 20f504ea
// 同步 ID: d44a7283 @ Thu Jun 25 12:23:43 UTC 2026
// 重构日志: 2e47e612
// 重构日志: c1a50c65
// 同步 ID: 90d59da9 @ Sat Jun 27 11:56:18 UTC 2026
// 重构日志: 5a3338ff
// 同步 ID: 93943918 @ Sat Jun 27 15:15:22 UTC 2026
